SQL> @ORACLE/DML/KRC_DML_BS1_KRNS_DOC_HDR_T.sql
INSERT INTO KRNS_DOC_HDR_T (DOC_HDR_ID,VER_NBR,FDOC_DESC,ORG_DOC_HDR_ID,TMPL_DOC_HDR_ID,EXPLANATION,OBJ_ID)
*
ERROR at line 1:
ORA-00001: unique constraint (KRAOWNER.KRNS_DOC_HDR_TP1) violated 


INSERT INTO KRNS_DOC_HDR_T (DOC_HDR_ID,VER_NBR,FDOC_DESC,ORG_DOC_HDR_ID,TMPL_DOC_HDR_ID,EXPLANATION,OBJ_ID)
*
ERROR at line 1:
ORA-00001: unique constraint (KRAOWNER.KRNS_DOC_HDR_TP1) violated 



1 row created.

INSERT INTO KRNS_DOC_HDR_T (DOC_HDR_ID,VER_NBR,FDOC_DESC,ORG_DOC_HDR_ID,TMPL_DOC_HDR_ID,EXPLANATION,OBJ_ID)
*
ERROR at line 1:
ORA-00001: unique constraint (KRAOWNER.KRNS_DOC_HDR_TP1) violated 



Commit complete.

SQL> @ORACLE/DML/KRC_DML_BS2_KRNS_MAINT_DOC_T.sql
  VALUES ((SELECT DOC_HDR_ID FROM KRNS_DOC_HDR_T WHERE FDOC_DESC = 'Grants.gov Preloaded Questionnaire 2'),0,EMPTY_CLOB(),SYS_GUID())
                  *
ERROR at line 2:
ORA-01400: cannot insert NULL into ("KRAOWNER"."KRNS_MAINT_DOC_T"."DOC_HDR_ID") 


DECLARE    data CLOB; buffer VARCHAR2(32000);
*
ERROR at line 1:
ORA-01403: no data found 
ORA-06512: at line 3 


  VALUES ((SELECT DOC_HDR_ID FROM KRNS_DOC_HDR_T WHERE FDOC_DESC = 'Grants.gov Preloaded Questionnaire 1'),0,EMPTY_CLOB(),SYS_GUID())
                  *
ERROR at line 2:
ORA-01400: cannot insert NULL into ("KRAOWNER"."KRNS_MAINT_DOC_T"."DOC_HDR_ID") 


DECLARE    data CLOB; buffer VARCHAR2(32000);
*
ERROR at line 1:
ORA-01403: no data found 
ORA-06512: at line 3 



1 row created.


PL/SQL procedure successfully completed.

  VALUES ((SELECT DOC_HDR_ID FROM KRNS_DOC_HDR_T WHERE FDOC_DESC = 'Grants.gov Preloaded Questionnaire 4'),0,EMPTY_CLOB(),SYS_GUID())
                  *
ERROR at line 2:
ORA-01400: cannot insert NULL into ("KRAOWNER"."KRNS_MAINT_DOC_T"."DOC_HDR_ID") 


DECLARE    data CLOB; buffer VARCHAR2(32000);
*
ERROR at line 1:
ORA-01403: no data found 
ORA-06512: at line 3 



Commit complete.

SQL> commit;

Commit complete.

SQL> exit;
